[0.028s] Invoking command in '/root/ros2_ws/build/lab1_pkg': CMAKE_PREFIX_PATH=${CMAKE_PREFIX_PATH}:/opt/ros/foxy /usr/bin/cmake --build /root/ros2_ws/build/lab1_pkg -- -j16 -l16
[0.076s] Invoked command in '/root/ros2_ws/build/lab1_pkg' returned '0': CMAKE_PREFIX_PATH=${CMAKE_PREFIX_PATH}:/opt/ros/foxy /usr/bin/cmake --build /root/ros2_ws/build/lab1_pkg -- -j16 -l16
[0.120s] Invoking command in '/root/ros2_ws/build/lab1_pkg': CMAKE_PREFIX_PATH=${CMAKE_PREFIX_PATH}:/opt/ros/foxy /usr/bin/cmake --install /root/ros2_ws/build/lab1_pkg
[0.134s] -- Install configuration: ""
[0.134s] -- Up-to-date: /root/ros2_ws/install/lab1_pkg/share/lab1_pkg/environment/pythonpath.sh
[0.134s] -- Up-to-date: /root/ros2_ws/install/lab1_pkg/share/lab1_pkg/environment/pythonpath.dsv
[0.135s] -- Up-to-date: /root/ros2_ws/install/lab1_pkg/lib/python3.8/site-packages/lab1_pkg
[0.135s] -- Up-to-date: /root/ros2_ws/install/lab1_pkg/lib/python3.8/site-packages/lab1_pkg/__init__.py
[0.161s] Listing '/root/ros2_ws/install/lab1_pkg/lib/python3.8/site-packages/lab1_pkg'...
[0.165s] -- Installing: /root/ros2_ws/install/lab1_pkg/lib/lab1_pkg/talker.py
[0.165s] -- Up-to-date: /root/ros2_ws/install/lab1_pkg/share/ament_index/resource_index/package_run_dependencies/lab1_pkg
[0.166s] -- Up-to-date: /root/ros2_ws/install/lab1_pkg/share/ament_index/resource_index/parent_prefix_path/lab1_pkg
[0.166s] -- Up-to-date: /root/ros2_ws/install/lab1_pkg/share/lab1_pkg/environment/ament_prefix_path.sh
[0.166s] -- Up-to-date: /root/ros2_ws/install/lab1_pkg/share/lab1_pkg/environment/ament_prefix_path.dsv
[0.166s] -- Up-to-date: /root/ros2_ws/install/lab1_pkg/share/lab1_pkg/environment/path.sh
[0.166s] -- Up-to-date: /root/ros2_ws/install/lab1_pkg/share/lab1_pkg/environment/path.dsv
[0.167s] -- Up-to-date: /root/ros2_ws/install/lab1_pkg/share/lab1_pkg/local_setup.bash
[0.167s] -- Up-to-date: /root/ros2_ws/install/lab1_pkg/share/lab1_pkg/local_setup.sh
[0.167s] -- Up-to-date: /root/ros2_ws/install/lab1_pkg/share/lab1_pkg/local_setup.zsh
[0.167s] -- Up-to-date: /root/ros2_ws/install/lab1_pkg/share/lab1_pkg/local_setup.dsv
[0.167s] -- Up-to-date: /root/ros2_ws/install/lab1_pkg/share/lab1_pkg/package.dsv
[0.167s] -- Up-to-date: /root/ros2_ws/install/lab1_pkg/share/ament_index/resource_index/packages/lab1_pkg
[0.168s] -- Up-to-date: /root/ros2_ws/install/lab1_pkg/share/lab1_pkg/cmake/lab1_pkgConfig.cmake
[0.168s] -- Up-to-date: /root/ros2_ws/install/lab1_pkg/share/lab1_pkg/cmake/lab1_pkgConfig-version.cmake
[0.168s] -- Up-to-date: /root/ros2_ws/install/lab1_pkg/share/lab1_pkg/package.xml
[0.170s] Invoked command in '/root/ros2_ws/build/lab1_pkg' returned '0': CMAKE_PREFIX_PATH=${CMAKE_PREFIX_PATH}:/opt/ros/foxy /usr/bin/cmake --install /root/ros2_ws/build/lab1_pkg
