[0.030s] Invoking command in '/root/ros2_ws/build/lab1_pkg': CMAKE_PREFIX_PATH=${CMAKE_PREFIX_PATH}:/opt/ros/foxy /usr/bin/cmake --build /root/ros2_ws/build/lab1_pkg -- -j16 -l16
[0.079s] Invoked command in '/root/ros2_ws/build/lab1_pkg' returned '0': CMAKE_PREFIX_PATH=${CMAKE_PREFIX_PATH}:/opt/ros/foxy /usr/bin/cmake --build /root/ros2_ws/build/lab1_pkg -- -j16 -l16
[0.129s] Invoking command in '/root/ros2_ws/build/lab1_pkg': CMAKE_PREFIX_PATH=${CMAKE_PREFIX_PATH}:/opt/ros/foxy /usr/bin/cmake --install /root/ros2_ws/build/lab1_pkg
[0.140s] -- Install configuration: ""
[0.140s] -- Up-to-date: /root/ros2_ws/install/lab1_pkg/share/lab1_pkg/environment/pythonpath.sh
[0.141s] -- Up-to-date: /root/ros2_ws/install/lab1_pkg/share/lab1_pkg/environment/pythonpath.dsv
[0.141s] -- Up-to-date: /root/ros2_ws/install/lab1_pkg/lib/python3.8/site-packages/lab1_pkg
[0.141s] -- Up-to-date: /root/ros2_ws/install/lab1_pkg/lib/python3.8/site-packages/lab1_pkg/__init__.py
[0.166s] Listing '/root/ros2_ws/install/lab1_pkg/lib/python3.8/site-packages/lab1_pkg'...
[0.169s] -- Up-to-date: /root/ros2_ws/install/lab1_pkg/lib/lab1_pkg/talker.py
[0.169s] -- Installing: /root/ros2_ws/install/lab1_pkg/lib/lab1_pkg/relay.py
[0.170s] -- Up-to-date: /root/ros2_ws/install/lab1_pkg/share/ament_index/resource_index/package_run_dependencies/lab1_pkg
[0.170s] -- Up-to-date: /root/ros2_ws/install/lab1_pkg/share/ament_index/resource_index/parent_prefix_path/lab1_pkg
[0.170s] -- Up-to-date: /root/ros2_ws/install/lab1_pkg/share/lab1_pkg/environment/ament_prefix_path.sh
[0.171s] -- Up-to-date: /root/ros2_ws/install/lab1_pkg/share/lab1_pkg/environment/ament_prefix_path.dsv
[0.171s] -- Up-to-date: /root/ros2_ws/install/lab1_pkg/share/lab1_pkg/environment/path.sh
[0.171s] -- Up-to-date: /root/ros2_ws/install/lab1_pkg/share/lab1_pkg/environment/path.dsv
[0.171s] -- Up-to-date: /root/ros2_ws/install/lab1_pkg/share/lab1_pkg/local_setup.bash
[0.172s] -- Up-to-date: /root/ros2_ws/install/lab1_pkg/share/lab1_pkg/local_setup.sh
[0.172s] -- Up-to-date: /root/ros2_ws/install/lab1_pkg/share/lab1_pkg/local_setup.zsh
[0.172s] -- Up-to-date: /root/ros2_ws/install/lab1_pkg/share/lab1_pkg/local_setup.dsv
[0.172s] -- Installing: /root/ros2_ws/install/lab1_pkg/share/lab1_pkg/package.dsv
[0.172s] -- Up-to-date: /root/ros2_ws/install/lab1_pkg/share/ament_index/resource_index/packages/lab1_pkg
[0.172s] -- Up-to-date: /root/ros2_ws/install/lab1_pkg/share/lab1_pkg/cmake/lab1_pkgConfig.cmake
[0.173s] -- Up-to-date: /root/ros2_ws/install/lab1_pkg/share/lab1_pkg/cmake/lab1_pkgConfig-version.cmake
[0.173s] -- Up-to-date: /root/ros2_ws/install/lab1_pkg/share/lab1_pkg/package.xml
[0.175s] Invoked command in '/root/ros2_ws/build/lab1_pkg' returned '0': CMAKE_PREFIX_PATH=${CMAKE_PREFIX_PATH}:/opt/ros/foxy /usr/bin/cmake --install /root/ros2_ws/build/lab1_pkg
