[0.076s] Invoking command in '/root/ros2_ws/build/lab1_pkg': CMAKE_PREFIX_PATH=/opt/ros/foxy /usr/bin/cmake /root/ros2_ws/src/lab1_pkg -DCMAKE_INSTALL_PREFIX=/root/ros2_ws/install/lab1_pkg
[0.159s] -- The C compiler identification is GNU 9.4.0
[0.220s] -- The CXX compiler identification is GNU 9.4.0
[0.229s] -- Check for working C compiler: /usr/bin/cc
[0.324s] -- Check for working C compiler: /usr/bin/cc -- works
[0.326s] -- Detecting C compiler ABI info
[0.420s] -- Detecting C compiler ABI info - done
[0.437s] -- Detecting C compile features
[0.437s] -- Detecting C compile features - done
[0.439s] -- Check for working CXX compiler: /usr/bin/c++
[0.520s] -- Check for working CXX compiler: /usr/bin/c++ -- works
[0.522s] -- Detecting CXX compiler ABI info
[0.632s] -- Detecting CXX compiler ABI info - done
[0.644s] -- Detecting CXX compile features
[0.644s] -- Detecting CXX compile features - done
[0.646s] -- Found ament_cmake: 0.9.9 (/opt/ros/foxy/share/ament_cmake/cmake)
[0.670s] -- Found PythonInterp: /usr/bin/python3 (found suitable version "3.8.10", minimum required is "3") 
[0.670s] -- Using PYTHON_EXECUTABLE: /usr/bin/python3
[0.829s] -- Found rclcpp: 2.4.1 (/opt/ros/foxy/share/rclcpp/cmake)
[0.867s] -- Using all available rosidl_typesupport_c: rosidl_typesupport_fastrtps_c;rosidl_typesupport_introspection_c
[0.873s] -- Found rosidl_adapter: 1.2.1 (/opt/ros/foxy/share/rosidl_adapter/cmake)
[1.017s] -- Found OpenSSL: /usr/lib/x86_64-linux-gnu/libcrypto.so (found version "1.1.1f")  
[1.053s] -- Found FastRTPS: /opt/ros/foxy/include  
[1.145s] -- Using all available rosidl_typesupport_cpp: rosidl_typesupport_fastrtps_cpp;rosidl_typesupport_introspection_cpp
[1.192s] -- Found rmw_implementation_cmake: 1.0.3 (/opt/ros/foxy/share/rmw_implementation_cmake/cmake)
[1.193s] -- Using RMW implementation 'rmw_fastrtps_cpp' as default
[1.193s] -- Looking for pthread.h
[1.304s] -- Looking for pthread.h - found
[1.305s] -- Performing Test CMAKE_HAVE_LIBC_PTHREAD
[1.404s] -- Performing Test CMAKE_HAVE_LIBC_PTHREAD - Failed
[1.405s] -- Looking for pthread_create in pthreads
[1.498s] -- Looking for pthread_create in pthreads - not found
[1.498s] -- Looking for pthread_create in pthread
[1.601s] -- Looking for pthread_create in pthread - found
[1.602s] -- Found Threads: TRUE  
[1.731s] -- Found rclpy: 1.0.8 (/opt/ros/foxy/share/rclpy/cmake)
[1.732s] -- Found ament_lint_auto: 0.9.6 (/opt/ros/foxy/share/ament_lint_auto/cmake)
[1.835s] -- Added test 'copyright' to check source files copyright and LICENSE
[1.837s] -- Added test 'flake8' to check Python code syntax and style conventions
[1.838s] -- Added test 'lint_cmake' to check CMake code style
[1.838s] -- Added test 'pep257' to check Python code against some of the style conventions in PEP 257
[1.839s] -- Added test 'xmllint' to check XML markup files
[1.842s] -- Configuring done
[1.844s] -- Generating done
[1.845s] -- Build files have been written to: /root/ros2_ws/build/lab1_pkg
[1.851s] Invoked command in '/root/ros2_ws/build/lab1_pkg' returned '0': CMAKE_PREFIX_PATH=/opt/ros/foxy /usr/bin/cmake /root/ros2_ws/src/lab1_pkg -DCMAKE_INSTALL_PREFIX=/root/ros2_ws/install/lab1_pkg
[1.856s] Invoking command in '/root/ros2_ws/build/lab1_pkg': CMAKE_PREFIX_PATH=/opt/ros/foxy /usr/bin/cmake --build /root/ros2_ws/build/lab1_pkg -- -j16 -l16
[1.898s] Invoked command in '/root/ros2_ws/build/lab1_pkg' returned '0': CMAKE_PREFIX_PATH=/opt/ros/foxy /usr/bin/cmake --build /root/ros2_ws/build/lab1_pkg -- -j16 -l16
[1.944s] Invoking command in '/root/ros2_ws/build/lab1_pkg': CMAKE_PREFIX_PATH=/opt/ros/foxy /usr/bin/cmake --install /root/ros2_ws/build/lab1_pkg
[1.957s] -- Install configuration: ""
[1.957s] -- Installing: /root/ros2_ws/install/lab1_pkg/share/lab1_pkg/environment/pythonpath.sh
[1.958s] -- Installing: /root/ros2_ws/install/lab1_pkg/share/lab1_pkg/environment/pythonpath.dsv
[1.958s] -- Installing: /root/ros2_ws/install/lab1_pkg/lib/python3.8/site-packages/lab1_pkg
[1.958s] -- Installing: /root/ros2_ws/install/lab1_pkg/lib/python3.8/site-packages/lab1_pkg/__init__.py
[1.985s] Listing '/root/ros2_ws/install/lab1_pkg/lib/python3.8/site-packages/lab1_pkg'...
[1.985s] Compiling '/root/ros2_ws/install/lab1_pkg/lib/python3.8/site-packages/lab1_pkg/__init__.py'...
[1.988s] -- Installing: /root/ros2_ws/install/lab1_pkg/lib/lab1_pkg/talker.py
[1.989s] -- Installing: /root/ros2_ws/install/lab1_pkg/share/ament_index/resource_index/package_run_dependencies/lab1_pkg
[1.989s] -- Installing: /root/ros2_ws/install/lab1_pkg/share/ament_index/resource_index/parent_prefix_path/lab1_pkg
[1.989s] -- Installing: /root/ros2_ws/install/lab1_pkg/share/lab1_pkg/environment/ament_prefix_path.sh
[1.990s] -- Installing: /root/ros2_ws/install/lab1_pkg/share/lab1_pkg/environment/ament_prefix_path.dsv
[1.990s] -- Installing: /root/ros2_ws/install/lab1_pkg/share/lab1_pkg/environment/path.sh
[1.990s] -- Installing: /root/ros2_ws/install/lab1_pkg/share/lab1_pkg/environment/path.dsv
[1.991s] -- Installing: /root/ros2_ws/install/lab1_pkg/share/lab1_pkg/local_setup.bash
[1.991s] -- Installing: /root/ros2_ws/install/lab1_pkg/share/lab1_pkg/local_setup.sh
[1.991s] -- Installing: /root/ros2_ws/install/lab1_pkg/share/lab1_pkg/local_setup.zsh
[1.992s] -- Installing: /root/ros2_ws/install/lab1_pkg/share/lab1_pkg/local_setup.dsv
[1.992s] -- Installing: /root/ros2_ws/install/lab1_pkg/share/lab1_pkg/package.dsv
[1.993s] -- Installing: /root/ros2_ws/install/lab1_pkg/share/ament_index/resource_index/packages/lab1_pkg
[1.993s] -- Installing: /root/ros2_ws/install/lab1_pkg/share/lab1_pkg/cmake/lab1_pkgConfig.cmake
[1.993s] -- Installing: /root/ros2_ws/install/lab1_pkg/share/lab1_pkg/cmake/lab1_pkgConfig-version.cmake
[1.994s] -- Installing: /root/ros2_ws/install/lab1_pkg/share/lab1_pkg/package.xml
[2.001s] Invoked command in '/root/ros2_ws/build/lab1_pkg' returned '0': CMAKE_PREFIX_PATH=/opt/ros/foxy /usr/bin/cmake --install /root/ros2_ws/build/lab1_pkg
