[0.039s] Invoking command in '/root/ros2_ws/build/lab1_pkg': CMAKE_PREFIX_PATH=${CMAKE_PREFIX_PATH}:/opt/ros/foxy /usr/bin/cmake --build /root/ros2_ws/build/lab1_pkg -- -j16 -l16
[0.086s] Invoked command in '/root/ros2_ws/build/lab1_pkg' returned '0': CMAKE_PREFIX_PATH=${CMAKE_PREFIX_PATH}:/opt/ros/foxy /usr/bin/cmake --build /root/ros2_ws/build/lab1_pkg -- -j16 -l16
[0.131s] Invoking command in '/root/ros2_ws/build/lab1_pkg': CMAKE_PREFIX_PATH=${CMAKE_PREFIX_PATH}:/opt/ros/foxy /usr/bin/cmake --install /root/ros2_ws/build/lab1_pkg
[0.145s] -- Install configuration: ""
[0.145s] -- Up-to-date: /root/ros2_ws/install/lab1_pkg/share/lab1_pkg/environment/pythonpath.sh
[0.146s] -- Up-to-date: /root/ros2_ws/install/lab1_pkg/share/lab1_pkg/environment/pythonpath.dsv
[0.146s] -- Up-to-date: /root/ros2_ws/install/lab1_pkg/lib/python3.8/site-packages/lab1_pkg
[0.146s] -- Up-to-date: /root/ros2_ws/install/lab1_pkg/lib/python3.8/site-packages/lab1_pkg/__init__.py
[0.175s] Listing '/root/ros2_ws/install/lab1_pkg/lib/python3.8/site-packages/lab1_pkg'...
[0.178s] -- Installing: /root/ros2_ws/install/lab1_pkg/lib/lab1_pkg/talker.py
[0.178s] -- Up-to-date: /root/ros2_ws/install/lab1_pkg/share/ament_index/resource_index/package_run_dependencies/lab1_pkg
[0.179s] -- Up-to-date: /root/ros2_ws/install/lab1_pkg/share/ament_index/resource_index/parent_prefix_path/lab1_pkg
[0.179s] -- Up-to-date: /root/ros2_ws/install/lab1_pkg/share/lab1_pkg/environment/ament_prefix_path.sh
[0.179s] -- Up-to-date: /root/ros2_ws/install/lab1_pkg/share/lab1_pkg/environment/ament_prefix_path.dsv
[0.179s] -- Up-to-date: /root/ros2_ws/install/lab1_pkg/share/lab1_pkg/environment/path.sh
[0.179s] -- Up-to-date: /root/ros2_ws/install/lab1_pkg/share/lab1_pkg/environment/path.dsv
[0.180s] -- Up-to-date: /root/ros2_ws/install/lab1_pkg/share/lab1_pkg/local_setup.bash
[0.180s] -- Up-to-date: /root/ros2_ws/install/lab1_pkg/share/lab1_pkg/local_setup.sh
[0.180s] -- Up-to-date: /root/ros2_ws/install/lab1_pkg/share/lab1_pkg/local_setup.zsh
[0.180s] -- Up-to-date: /root/ros2_ws/install/lab1_pkg/share/lab1_pkg/local_setup.dsv
[0.180s] -- Installing: /root/ros2_ws/install/lab1_pkg/share/lab1_pkg/package.dsv
[0.181s] -- Up-to-date: /root/ros2_ws/install/lab1_pkg/share/ament_index/resource_index/packages/lab1_pkg
[0.181s] -- Up-to-date: /root/ros2_ws/install/lab1_pkg/share/lab1_pkg/cmake/lab1_pkgConfig.cmake
[0.181s] -- Up-to-date: /root/ros2_ws/install/lab1_pkg/share/lab1_pkg/cmake/lab1_pkgConfig-version.cmake
[0.181s] -- Up-to-date: /root/ros2_ws/install/lab1_pkg/share/lab1_pkg/package.xml
[0.184s] Invoked command in '/root/ros2_ws/build/lab1_pkg' returned '0': CMAKE_PREFIX_PATH=${CMAKE_PREFIX_PATH}:/opt/ros/foxy /usr/bin/cmake --install /root/ros2_ws/build/lab1_pkg
