[0.029s] Invoking command in '/root/ros2_ws/build/lab1_pkg': CMAKE_PREFIX_PATH=/opt/ros/foxy /usr/bin/cmake --build /root/ros2_ws/build/lab1_pkg -- -j16 -l16
[0.056s] -- Found ament_cmake: 0.9.9 (/opt/ros/foxy/share/ament_cmake/cmake)
[0.081s] -- Using PYTHON_EXECUTABLE: /usr/bin/python3
[0.228s] -- Found rclcpp: 2.4.1 (/opt/ros/foxy/share/rclcpp/cmake)
[0.255s] -- Using all available rosidl_typesupport_c: rosidl_typesupport_fastrtps_c;rosidl_typesupport_introspection_c
[0.258s] -- Found rosidl_adapter: 1.2.1 (/opt/ros/foxy/share/rosidl_adapter/cmake)
[0.399s] -- Using all available rosidl_typesupport_cpp: rosidl_typesupport_fastrtps_cpp;rosidl_typesupport_introspection_cpp
[0.440s] -- Found rmw_implementation_cmake: 1.0.3 (/opt/ros/foxy/share/rmw_implementation_cmake/cmake)
[0.441s] -- Using RMW implementation 'rmw_fastrtps_cpp' as default
[0.560s] -- Found rclpy: 1.0.8 (/opt/ros/foxy/share/rclpy/cmake)
[0.560s] -- Found ament_lint_auto: 0.9.6 (/opt/ros/foxy/share/ament_lint_auto/cmake)
[0.623s] -- Added test 'copyright' to check source files copyright and LICENSE
[0.625s] -- Added test 'flake8' to check Python code syntax and style conventions
[0.625s] -- Added test 'lint_cmake' to check CMake code style
[0.626s] -- Added test 'pep257' to check Python code against some of the style conventions in PEP 257
[0.626s] -- Added test 'xmllint' to check XML markup files
[0.629s] -- Configuring done
[0.630s] -- Generating done
[0.632s] -- Build files have been written to: /root/ros2_ws/build/lab1_pkg
[0.658s] Invoked command in '/root/ros2_ws/build/lab1_pkg' returned '0': CMAKE_PREFIX_PATH=/opt/ros/foxy /usr/bin/cmake --build /root/ros2_ws/build/lab1_pkg -- -j16 -l16
[0.697s] Invoking command in '/root/ros2_ws/build/lab1_pkg': CMAKE_PREFIX_PATH=/opt/ros/foxy /usr/bin/cmake --install /root/ros2_ws/build/lab1_pkg
[0.712s] -- Install configuration: ""
[0.712s] -- Up-to-date: /root/ros2_ws/install/lab1_pkg/share/lab1_pkg/environment/pythonpath.sh
[0.713s] -- Installing: /root/ros2_ws/install/lab1_pkg/share/lab1_pkg/environment/pythonpath.dsv
[0.713s] -- Up-to-date: /root/ros2_ws/install/lab1_pkg/lib/python3.8/site-packages/lab1_pkg
[0.713s] -- Up-to-date: /root/ros2_ws/install/lab1_pkg/lib/python3.8/site-packages/lab1_pkg/__init__.py
[0.744s] Listing '/root/ros2_ws/install/lab1_pkg/lib/python3.8/site-packages/lab1_pkg'...
[0.748s] -- Up-to-date: /root/ros2_ws/install/lab1_pkg/lib/lab1_pkg/talker.py
[0.748s] -- Installing: /root/ros2_ws/install/lab1_pkg/lib/lab1_pkg/relay.py
[0.748s] -- Up-to-date: /root/ros2_ws/install/lab1_pkg/share/ament_index/resource_index/package_run_dependencies/lab1_pkg
[0.748s] -- Up-to-date: /root/ros2_ws/install/lab1_pkg/share/ament_index/resource_index/parent_prefix_path/lab1_pkg
[0.749s] -- Up-to-date: /root/ros2_ws/install/lab1_pkg/share/lab1_pkg/environment/ament_prefix_path.sh
[0.749s] -- Installing: /root/ros2_ws/install/lab1_pkg/share/lab1_pkg/environment/ament_prefix_path.dsv
[0.749s] -- Up-to-date: /root/ros2_ws/install/lab1_pkg/share/lab1_pkg/environment/path.sh
[0.749s] -- Installing: /root/ros2_ws/install/lab1_pkg/share/lab1_pkg/environment/path.dsv
[0.749s] -- Up-to-date: /root/ros2_ws/install/lab1_pkg/share/lab1_pkg/local_setup.bash
[0.750s] -- Up-to-date: /root/ros2_ws/install/lab1_pkg/share/lab1_pkg/local_setup.sh
[0.750s] -- Up-to-date: /root/ros2_ws/install/lab1_pkg/share/lab1_pkg/local_setup.zsh
[0.750s] -- Installing: /root/ros2_ws/install/lab1_pkg/share/lab1_pkg/local_setup.dsv
[0.750s] -- Installing: /root/ros2_ws/install/lab1_pkg/share/lab1_pkg/package.dsv
[0.750s] -- Up-to-date: /root/ros2_ws/install/lab1_pkg/share/ament_index/resource_index/packages/lab1_pkg
[0.751s] -- Up-to-date: /root/ros2_ws/install/lab1_pkg/share/lab1_pkg/cmake/lab1_pkgConfig.cmake
[0.751s] -- Up-to-date: /root/ros2_ws/install/lab1_pkg/share/lab1_pkg/cmake/lab1_pkgConfig-version.cmake
[0.751s] -- Up-to-date: /root/ros2_ws/install/lab1_pkg/share/lab1_pkg/package.xml
[0.754s] Invoked command in '/root/ros2_ws/build/lab1_pkg' returned '0': CMAKE_PREFIX_PATH=/opt/ros/foxy /usr/bin/cmake --install /root/ros2_ws/build/lab1_pkg
